<?xml version="1.0" encoding="UTF-8"?>
<!-- Generated by org.testng.reporters.JUnitReportReporter -->
<testsuite hostname="DESKTOP-VRJUQI0" failures="0" tests="8" name="com.crm.qa.testcases.ContactsPageTest" time="101.600" errors="0" timestamp="2021-08-23T17:59:44 BST" skipped="0">
  <testcase classname="com.crm.qa.testcases.ContactsPageTest" name="validateContactsHeadingTest" time="11.260"/>
  <system-out/>
  <testcase classname="com.crm.qa.testcases.ContactsPageTest" name="selectContactsByNameTest" time="11.421"/>
  <system-out/>
  <testcase classname="com.crm.qa.testcases.ContactsPageTest" name="validateNewContactTest" time="13.414"/>
  <system-out/>
  <testcase classname="com.crm.qa.testcases.ContactsPageTest" name="validateNewContactTest" time="13.157"/>
  <system-out/>
  <testcase classname="com.crm.qa.testcases.ContactsPageTest" name="validateNewContactTest" time="12.959"/>
  <system-out/>
  <testcase classname="com.crm.qa.testcases.ContactsPageTest" name="validateNewContactTest" time="12.601"/>
  <system-out/>
  <testcase classname="com.crm.qa.testcases.ContactsPageTest" name="validateNewContactTest" time="13.249"/>
  <system-out/>
  <testcase classname="com.crm.qa.testcases.ContactsPageTest" name="validateNewContactTest" time="13.539"/>
  <system-out/>
</testsuite> <!-- com.crm.qa.testcases.ContactsPageTest -->
