<?xml version="1.0" encoding="UTF-8"?>
<!-- Generated by org.testng.reporters.JUnitReportReporter -->
<testsuite hostname="DESKTOP-VRJUQI0" failures="0" tests="3" name="com.crm.qa.testcases.LoginPageTest" time="20.976" errors="0" timestamp="2021-08-23T17:59:44 BST" skipped="0">
  <testcase classname="com.crm.qa.testcases.LoginPageTest" name="loginPageTitleTest" time="6.019"/>
  <system-out/>
  <testcase classname="com.crm.qa.testcases.LoginPageTest" name="crmImageTest" time="5.347"/>
  <system-out/>
  <testcase classname="com.crm.qa.testcases.LoginPageTest" name="loginTest" time="9.610"/>
  <system-out/>
</testsuite> <!-- com.crm.qa.testcases.LoginPageTest -->
