<?xml version="1.0" encoding="UTF-8"?>
<!-- Generated by org.testng.reporters.JUnitReportReporter -->
<testsuite hostname="DESKTOP-VRJUQI0" failures="0" tests="3" name="com.crm.qa.testcases.DealsPageTest" time="36.410" errors="0" timestamp="2021-08-23T17:59:44 BST" skipped="0">
  <testcase classname="com.crm.qa.testcases.DealsPageTest" name="validateDealsHeadingTest" time="11.008"/>
  <system-out/>
  <testcase classname="com.crm.qa.testcases.DealsPageTest" name="createNewDealsTest" time="12.551"/>
  <system-out/>
  <testcase classname="com.crm.qa.testcases.DealsPageTest" name="createNewDealsTest" time="12.851"/>
  <system-out/>
</testsuite> <!-- com.crm.qa.testcases.DealsPageTest -->
