<?xml version="1.0" encoding="UTF-8"?>
<!-- Generated by org.testng.reporters.JUnitReportReporter -->
<testsuite hostname="DESKTOP-VRJUQI0" failures="0" tests="3" name="com.crm.qa.testcases.HomePageTest" time="30.751" errors="0" timestamp="2021-08-23T17:59:44 BST" skipped="0">
  <testcase classname="com.crm.qa.testcases.HomePageTest" name="validateHomePageTitleTest" time="9.595"/>
  <system-out/>
  <testcase classname="com.crm.qa.testcases.HomePageTest" name="validateUserNameLabelTest" time="10.767"/>
  <system-out/>
  <testcase classname="com.crm.qa.testcases.HomePageTest" name="validateContactsLinkTest" time="10.389"/>
  <system-out/>
</testsuite> <!-- com.crm.qa.testcases.HomePageTest -->
